nohup: ignoring input
May 05, 2025 10:33:49 AM sun.util.locale.provider.LocaleProviderAdapter <clinit>
WARNING: COMPAT locale provider will be removed in a future release
[2025-05-05T10:33:49,274][INFO ][o.e.n.NativeAccess       ] [sdu-133749] Using native vector library; to disable start with -Dorg.elasticsearch.nativeaccess.enableVectorLibrary=false
[2025-05-05T10:33:49,374][INFO ][o.e.n.NativeAccess       ] [sdu-133749] Using [jdk] native provider and native methods for [Linux]
[2025-05-05T10:33:49,485][INFO ][o.a.l.i.v.PanamaVectorizationProvider] [sdu-133749] Java vector incubator API enabled; uses preferredBitSize=256; FMA enabled
[2025-05-05T10:33:49,743][INFO ][o.e.n.Node               ] [sdu-133749] version[8.15.0], pid[57628], build[tar/1a77947f34deddb41af25e6f0ddb8e830159c179/2024-08-05T10:05:34.233336849Z], OS[Linux/6.8.0-52-generic/amd64], JVM[Oracle Corporation/OpenJDK 64-Bit Server VM/22.0.1/22.0.1+8-16]
[2025-05-05T10:33:49,743][INFO ][o.e.n.Node               ] [sdu-133749] JVM home [/home/naeem/Documents/corentin/DyPRAG-main/data/elasticsearch-8.15.0/jdk], using bundled JDK [true]
[2025-05-05T10:33:49,744][INFO ][o.e.n.Node               ] [sdu-133749] JVM arguments [-Des.networkaddress.cache.ttl=60, -Des.networkaddress.cache.negative.ttl=10, -Djava.security.manager=allow, -XX:+AlwaysPreTouch, -Xss1m, -Djava.awt.headless=true, -Dfile.encoding=UTF-8, -Djna.nosys=true, -XX:-OmitStackTraceInFastThrow, -Dio.netty.noUnsafe=true, -Dio.netty.noKeySetOptimization=true, -Dio.netty.recycler.maxCapacityPerThread=0, -Dlog4j.shutdownHookEnabled=false, -Dlog4j2.disable.jmx=true, -Dlog4j2.formatMsgNoLookups=true, -Djava.locale.providers=SPI,COMPAT, --add-opens=java.base/java.io=org.elasticsearch.preallocate, --enable-native-access=org.elasticsearch.nativeaccess,org.apache.lucene.core, -XX:ReplayDataFile=logs/replay_pid%p.log, -Djava.library.path=/home/naeem/Documents/corentin/DyPRAG-main/data/elasticsearch-8.15.0/lib/platform/linux-x64:/usr/java/packages/lib:/usr/lib64:/lib64:/lib:/usr/lib, -Djna.library.path=/home/naeem/Documents/corentin/DyPRAG-main/data/elasticsearch-8.15.0/lib/platform/linux-x64:/usr/java/packages/lib:/usr/lib64:/lib64:/lib:/usr/lib, -Des.distribution.type=tar, -XX:+UnlockDiagnosticVMOptions, -XX:G1NumCollectionsKeepPinned=10000000, -XX:+UseG1GC, -Djava.io.tmpdir=/tmp/elasticsearch-15016906786662214625, --add-modules=jdk.incubator.vector, -XX:+HeapDumpOnOutOfMemoryError, -XX:+ExitOnOutOfMemoryError, -XX:HeapDumpPath=data, -XX:ErrorFile=logs/hs_err_pid%p.log, -Xlog:gc*,gc+age=trace,safepoint:file=logs/gc.log:utctime,level,pid,tags:filecount=32,filesize=64m, -Xms31744m, -Xmx31744m, -XX:MaxDirectMemorySize=16642998272, -XX:InitiatingHeapOccupancyPercent=30, -XX:G1ReservePercent=25, --module-path=/home/naeem/Documents/corentin/DyPRAG-main/data/elasticsearch-8.15.0/lib, --add-modules=jdk.net, --add-modules=ALL-MODULE-PATH, -Djdk.module.main=org.elasticsearch.server]
[2025-05-05T10:33:49,744][INFO ][o.e.n.Node               ] [sdu-133749] Default Locale [en_US]
[2025-05-05T10:33:50,906][INFO ][o.e.p.PluginsService     ] [sdu-133749] loaded module [repository-url]
[2025-05-05T10:33:50,906][INFO ][o.e.p.PluginsService     ] [sdu-133749] loaded module [rest-root]
[2025-05-05T10:33:50,906][INFO ][o.e.p.PluginsService     ] [sdu-133749] loaded module [x-pack-core]
[2025-05-05T10:33:50,906][INFO ][o.e.p.PluginsService     ] [sdu-133749] loaded module [x-pack-redact]
[2025-05-05T10:33:50,906][INFO ][o.e.p.PluginsService     ] [sdu-133749] loaded module [ingest-user-agent]
[2025-05-05T10:33:50,906][INFO ][o.e.p.PluginsService     ] [sdu-133749] loaded module [x-pack-async-search]
[2025-05-05T10:33:50,906][INFO ][o.e.p.PluginsService     ] [sdu-133749] loaded module [x-pack-monitoring]
[2025-05-05T10:33:50,906][INFO ][o.e.p.PluginsService     ] [sdu-133749] loaded module [repository-s3]
[2025-05-05T10:33:50,906][INFO ][o.e.p.PluginsService     ] [sdu-133749] loaded module [x-pack-esql-core]
[2025-05-05T10:33:50,907][INFO ][o.e.p.PluginsService     ] [sdu-133749] loaded module [x-pack-analytics]
[2025-05-05T10:33:50,907][INFO ][o.e.p.PluginsService     ] [sdu-133749] loaded module [x-pack-ent-search]
[2025-05-05T10:33:50,907][INFO ][o.e.p.PluginsService     ] [sdu-133749] loaded module [x-pack-autoscaling]
[2025-05-05T10:33:50,907][INFO ][o.e.p.PluginsService     ] [sdu-133749] loaded module [lang-painless]
[2025-05-05T10:33:50,907][INFO ][o.e.p.PluginsService     ] [sdu-133749] loaded module [x-pack-ml]
[2025-05-05T10:33:50,907][INFO ][o.e.p.PluginsService     ] [sdu-133749] loaded module [lang-mustache]
[2025-05-05T10:33:50,907][INFO ][o.e.p.PluginsService     ] [sdu-133749] loaded module [legacy-geo]
[2025-05-05T10:33:50,907][INFO ][o.e.p.PluginsService     ] [sdu-133749] loaded module [x-pack-ql]
[2025-05-05T10:33:50,907][INFO ][o.e.p.PluginsService     ] [sdu-133749] loaded module [rank-rrf]
[2025-05-05T10:33:50,907][INFO ][o.e.p.PluginsService     ] [sdu-133749] loaded module [analysis-common]
[2025-05-05T10:33:50,907][INFO ][o.e.p.PluginsService     ] [sdu-133749] loaded module [health-shards-availability]
[2025-05-05T10:33:50,907][INFO ][o.e.p.PluginsService     ] [sdu-133749] loaded module [transport-netty4]
[2025-05-05T10:33:50,907][INFO ][o.e.p.PluginsService     ] [sdu-133749] loaded module [aggregations]
[2025-05-05T10:33:50,907][INFO ][o.e.p.PluginsService     ] [sdu-133749] loaded module [ingest-common]
[2025-05-05T10:33:50,908][INFO ][o.e.p.PluginsService     ] [sdu-133749] loaded module [frozen-indices]
[2025-05-05T10:33:50,908][INFO ][o.e.p.PluginsService     ] [sdu-133749] loaded module [x-pack-identity-provider]
[2025-05-05T10:33:50,908][INFO ][o.e.p.PluginsService     ] [sdu-133749] loaded module [x-pack-text-structure]
[2025-05-05T10:33:50,908][INFO ][o.e.p.PluginsService     ] [sdu-133749] loaded module [x-pack-shutdown]
[2025-05-05T10:33:50,908][INFO ][o.e.p.PluginsService     ] [sdu-133749] loaded module [snapshot-repo-test-kit]
[2025-05-05T10:33:50,908][INFO ][o.e.p.PluginsService     ] [sdu-133749] loaded module [ml-package-loader]
[2025-05-05T10:33:50,908][INFO ][o.e.p.PluginsService     ] [sdu-133749] loaded module [kibana]
[2025-05-05T10:33:50,908][INFO ][o.e.p.PluginsService     ] [sdu-133749] loaded module [constant-keyword]
[2025-05-05T10:33:50,908][INFO ][o.e.p.PluginsService     ] [sdu-133749] loaded module [x-pack-logstash]
[2025-05-05T10:33:50,908][INFO ][o.e.p.PluginsService     ] [sdu-133749] loaded module [x-pack-graph]
[2025-05-05T10:33:50,908][INFO ][o.e.p.PluginsService     ] [sdu-133749] loaded module [x-pack-ccr]
[2025-05-05T10:33:50,908][INFO ][o.e.p.PluginsService     ] [sdu-133749] loaded module [x-pack-esql]
[2025-05-05T10:33:50,908][INFO ][o.e.p.PluginsService     ] [sdu-133749] loaded module [parent-join]
[2025-05-05T10:33:50,908][INFO ][o.e.p.PluginsService     ] [sdu-133749] loaded module [x-pack-enrich]
[2025-05-05T10:33:50,909][INFO ][o.e.p.PluginsService     ] [sdu-133749] loaded module [counted-keyword]
[2025-05-05T10:33:50,909][INFO ][o.e.p.PluginsService     ] [sdu-133749] loaded module [repositories-metering-api]
[2025-05-05T10:33:50,909][INFO ][o.e.p.PluginsService     ] [sdu-133749] loaded module [transform]
[2025-05-05T10:33:50,909][INFO ][o.e.p.PluginsService     ] [sdu-133749] loaded module [repository-azure]
[2025-05-05T10:33:50,909][INFO ][o.e.p.PluginsService     ] [sdu-133749] loaded module [repository-gcs]
[2025-05-05T10:33:50,909][INFO ][o.e.p.PluginsService     ] [sdu-133749] loaded module [spatial]
[2025-05-05T10:33:50,909][INFO ][o.e.p.PluginsService     ] [sdu-133749] loaded module [mapper-version]
[2025-05-05T10:33:50,909][INFO ][o.e.p.PluginsService     ] [sdu-133749] loaded module [mapper-extras]
[2025-05-05T10:33:50,909][INFO ][o.e.p.PluginsService     ] [sdu-133749] loaded module [apm]
[2025-05-05T10:33:50,909][INFO ][o.e.p.PluginsService     ] [sdu-133749] loaded module [x-pack-rollup]
[2025-05-05T10:33:50,909][INFO ][o.e.p.PluginsService     ] [sdu-133749] loaded module [percolator]
[2025-05-05T10:33:50,909][INFO ][o.e.p.PluginsService     ] [sdu-133749] loaded module [data-streams]
[2025-05-05T10:33:50,909][INFO ][o.e.p.PluginsService     ] [sdu-133749] loaded module [x-pack-stack]
[2025-05-05T10:33:50,909][INFO ][o.e.p.PluginsService     ] [sdu-133749] loaded module [reindex]
[2025-05-05T10:33:50,909][INFO ][o.e.p.PluginsService     ] [sdu-133749] loaded module [rank-eval]
[2025-05-05T10:33:50,909][INFO ][o.e.p.PluginsService     ] [sdu-133749] loaded module [x-pack-security]
[2025-05-05T10:33:50,909][INFO ][o.e.p.PluginsService     ] [sdu-133749] loaded module [blob-cache]
[2025-05-05T10:33:50,909][INFO ][o.e.p.PluginsService     ] [sdu-133749] loaded module [searchable-snapshots]
[2025-05-05T10:33:50,910][INFO ][o.e.p.PluginsService     ] [sdu-133749] loaded module [x-pack-slm]
[2025-05-05T10:33:50,910][INFO ][o.e.p.PluginsService     ] [sdu-133749] loaded module [x-pack-geoip-enterprise-downloader]
[2025-05-05T10:33:50,910][INFO ][o.e.p.PluginsService     ] [sdu-133749] loaded module [snapshot-based-recoveries]
[2025-05-05T10:33:50,910][INFO ][o.e.p.PluginsService     ] [sdu-133749] loaded module [x-pack-watcher]
[2025-05-05T10:33:50,910][INFO ][o.e.p.PluginsService     ] [sdu-133749] loaded module [old-lucene-versions]
[2025-05-05T10:33:50,910][INFO ][o.e.p.PluginsService     ] [sdu-133749] loaded module [x-pack-ilm]
[2025-05-05T10:33:50,910][INFO ][o.e.p.PluginsService     ] [sdu-133749] loaded module [x-pack-inference]
[2025-05-05T10:33:50,910][INFO ][o.e.p.PluginsService     ] [sdu-133749] loaded module [x-pack-voting-only-node]
[2025-05-05T10:33:50,910][INFO ][o.e.p.PluginsService     ] [sdu-133749] loaded module [x-pack-deprecation]
[2025-05-05T10:33:50,910][INFO ][o.e.p.PluginsService     ] [sdu-133749] loaded module [x-pack-fleet]
[2025-05-05T10:33:50,910][INFO ][o.e.p.PluginsService     ] [sdu-133749] loaded module [x-pack-profiling]
[2025-05-05T10:33:50,910][INFO ][o.e.p.PluginsService     ] [sdu-133749] loaded module [x-pack-aggregate-metric]
[2025-05-05T10:33:50,910][INFO ][o.e.p.PluginsService     ] [sdu-133749] loaded module [x-pack-downsample]
[2025-05-05T10:33:50,910][INFO ][o.e.p.PluginsService     ] [sdu-133749] loaded module [ingest-geoip]
[2025-05-05T10:33:50,910][INFO ][o.e.p.PluginsService     ] [sdu-133749] loaded module [x-pack-write-load-forecaster]
[2025-05-05T10:33:50,910][INFO ][o.e.p.PluginsService     ] [sdu-133749] loaded module [search-business-rules]
[2025-05-05T10:33:50,910][INFO ][o.e.p.PluginsService     ] [sdu-133749] loaded module [ingest-attachment]
[2025-05-05T10:33:50,910][INFO ][o.e.p.PluginsService     ] [sdu-133749] loaded module [wildcard]
[2025-05-05T10:33:50,911][INFO ][o.e.p.PluginsService     ] [sdu-133749] loaded module [x-pack-apm-data]
[2025-05-05T10:33:50,911][INFO ][o.e.p.PluginsService     ] [sdu-133749] loaded module [unsigned-long]
[2025-05-05T10:33:50,911][INFO ][o.e.p.PluginsService     ] [sdu-133749] loaded module [x-pack-sql]
[2025-05-05T10:33:50,911][INFO ][o.e.p.PluginsService     ] [sdu-133749] loaded module [runtime-fields-common]
[2025-05-05T10:33:50,911][INFO ][o.e.p.PluginsService     ] [sdu-133749] loaded module [x-pack-async]
[2025-05-05T10:33:50,911][INFO ][o.e.p.PluginsService     ] [sdu-133749] loaded module [vector-tile]
[2025-05-05T10:33:50,911][INFO ][o.e.p.PluginsService     ] [sdu-133749] loaded module [lang-expression]
[2025-05-05T10:33:50,911][INFO ][o.e.p.PluginsService     ] [sdu-133749] loaded module [x-pack-eql]
[2025-05-05T10:33:51,307][ERROR][o.e.b.Elasticsearch      ] [sdu-133749] fatal exception while booting Elasticsearch java.lang.IllegalStateException: failed to obtain node locks, tried [/home/naeem/Documents/corentin/DyPRAG-main/data/elasticsearch-8.15.0/data]; maybe these locations are not writable or multiple nodes were started on the same data path?
	at org.elasticsearch.server@8.15.0/org.elasticsearch.env.NodeEnvironment.<init>(NodeEnvironment.java:293)
	at org.elasticsearch.server@8.15.0/org.elasticsearch.node.NodeConstruction.validateSettings(NodeConstruction.java:513)
	at org.elasticsearch.server@8.15.0/org.elasticsearch.node.NodeConstruction.prepareConstruction(NodeConstruction.java:260)
	at org.elasticsearch.server@8.15.0/org.elasticsearch.node.Node.<init>(Node.java:192)
	at org.elasticsearch.server@8.15.0/org.elasticsearch.bootstrap.Elasticsearch$2.<init>(Elasticsearch.java:242)
	at org.elasticsearch.server@8.15.0/org.elasticsearch.bootstrap.Elasticsearch.initPhase3(Elasticsearch.java:242)
	at org.elasticsearch.server@8.15.0/org.elasticsearch.bootstrap.Elasticsearch.main(Elasticsearch.java:76)
Caused by: org.apache.lucene.store.LockObtainFailedException: Lock held by another program: /home/naeem/Documents/corentin/DyPRAG-main/data/elasticsearch-8.15.0/data/node.lock
	at org.apache.lucene.core@9.11.1/org.apache.lucene.store.NativeFSLockFactory.obtainFSLock(NativeFSLockFactory.java:117)
	at org.apache.lucene.core@9.11.1/org.apache.lucene.store.FSLockFactory.obtainLock(FSLockFactory.java:43)
	at org.apache.lucene.core@9.11.1/org.apache.lucene.store.BaseDirectory.obtainLock(BaseDirectory.java:44)
	at org.elasticsearch.server@8.15.0/org.elasticsearch.env.NodeEnvironment$NodeLock.<init>(NodeEnvironment.java:231)
	at org.elasticsearch.server@8.15.0/org.elasticsearch.env.NodeEnvironment$NodeLock.<init>(NodeEnvironment.java:206)
	at org.elasticsearch.server@8.15.0/org.elasticsearch.env.NodeEnvironment.<init>(NodeEnvironment.java:285)
	... 6 more

ERROR: Elasticsearch did not exit normally - check the logs at /home/naeem/Documents/corentin/DyPRAG-main/data/elasticsearch-8.15.0/logs/elasticsearch.log

ERROR: Elasticsearch died while starting up, with exit code 1
